<?xml version="1.0" encoding="UTF-8"?>
<testng-results skipped="0" failed="0" ignored="0" total="10" passed="10">
  <reporter-output>
  </reporter-output>
  <suite name="Default suite" duration-ms="3499" started-at="2020-09-02T16:34:12Z" finished-at="2020-09-02T16:34:15Z">
    <groups>
    </groups>
    <test name="Default test" duration-ms="3499" started-at="2020-09-02T16:34:12Z" finished-at="2020-09-02T16:34:15Z">
      <class name="com.user.info.user_info">
        <test-method status="PASS" signature="user_name()[pri:1, instance:com.user.info.user_info@56ac3a89]" name="user_name" duration-ms="15" started-at="2020-09-02T16:34:12Z" finished-at="2020-09-02T16:34:12Z">
          <reporter-output>
          </reporter-output>
        </test-method> <!-- user_name -->
        <test-method status="PASS" signature="session_id()[pri:2, instance:com.user.info.user_info@56ac3a89]" name="session_id" duration-ms="2" started-at="2020-09-02T16:34:12Z" finished-at="2020-09-02T16:34:12Z">
          <reporter-output>
          </reporter-output>
        </test-method> <!-- session_id -->
        <test-method status="PASS" signature="last_session()[pri:3, instance:com.user.info.user_info@56ac3a89]" name="last_session" duration-ms="2" started-at="2020-09-02T16:34:12Z" finished-at="2020-09-02T16:34:12Z">
          <reporter-output>
          </reporter-output>
        </test-method> <!-- last_session -->
        <test-method status="PASS" signature="marks_student()[pri:4, instance:com.user.info.user_info@56ac3a89]" name="marks_student" duration-ms="353" started-at="2020-09-02T16:34:12Z" finished-at="2020-09-02T16:34:12Z">
          <reporter-output>
          </reporter-output>
        </test-method> <!-- marks_student -->
        <test-method status="PASS" signature="ssecond_state_value_student()[pri:5, instance:com.user.info.user_info@56ac3a89]" name="ssecond_state_value_student" duration-ms="9" started-at="2020-09-02T16:34:12Z" finished-at="2020-09-02T16:34:12Z">
          <reporter-output>
          </reporter-output>
        </test-method> <!-- ssecond_state_value_student -->
        <test-method status="PASS" signature="second_contact_student()[pri:6, instance:com.user.info.user_info@56ac3a89]" name="second_contact_student" duration-ms="5" started-at="2020-09-02T16:34:12Z" finished-at="2020-09-02T16:34:12Z">
          <reporter-output>
          </reporter-output>
        </test-method> <!-- second_contact_student -->
        <test-method status="PASS" signature="second_student_city()[pri:7, instance:com.user.info.user_info@56ac3a89]" name="second_student_city" duration-ms="5" started-at="2020-09-02T16:34:12Z" finished-at="2020-09-02T16:34:12Z">
          <reporter-output>
          </reporter-output>
        </test-method> <!-- second_student_city -->
        <test-method status="PASS" signature="contact_all_student()[pri:8, instance:com.user.info.user_info@56ac3a89]" name="contact_all_student" duration-ms="9" started-at="2020-09-02T16:34:12Z" finished-at="2020-09-02T16:34:12Z">
          <reporter-output>
          </reporter-output>
        </test-method> <!-- contact_all_student -->
        <test-method status="PASS" signature="address_1_student()[pri:9, instance:com.user.info.user_info@56ac3a89]" name="address_1_student" duration-ms="4" started-at="2020-09-02T16:34:12Z" finished-at="2020-09-02T16:34:12Z">
          <reporter-output>
          </reporter-output>
        </test-method> <!-- address_1_student -->
        <test-method status="PASS" signature="userId_7_check()[pri:10, instance:com.user.info.user_info@56ac3a89]" name="userId_7_check" duration-ms="3044" started-at="2020-09-02T16:34:12Z" finished-at="2020-09-02T16:34:15Z">
          <reporter-output>
          </reporter-output>
        </test-method> <!-- userId_7_check -->
      </class> <!-- com.user.info.user_info -->
    </test> <!-- Default test -->
  </suite> <!-- Default suite -->
</testng-results>
